[INFO] Scanning for projects...
[INFO] 
[INFO] -------------------------< com.todoList:demo >--------------------------
[INFO] Building demo 0.0.1-SNAPSHOT
[INFO]   from pom.xml
[INFO] --------------------------------[ jar ]---------------------------------
[INFO] 
[INFO] >>> spring-boot:3.2.5:run (default-cli) > test-compile @ demo >>>
[INFO] 
[INFO] --- resources:3.3.1:resources (default-resources) @ demo ---
[INFO] Copying 1 resource from src/main/resources to target/classes
[INFO] Copying 3 resources from src/main/resources to target/classes
[INFO] 
[INFO] --- compiler:3.11.0:compile (default-compile) @ demo ---
[INFO] Nothing to compile - all classes are up to date
[INFO] 
[INFO] --- resources:3.3.1:testResources (default-testResources) @ demo ---
[INFO] skip non existing resourceDirectory /Users/paullort/Desktop/2025/SEM 2/COLABO/Spring-Boot-project/demo/src/test/resources
[INFO] 
[INFO] --- compiler:3.11.0:testCompile (default-testCompile) @ demo ---
[INFO] Nothing to compile - all classes are up to date
[INFO] 
[INFO] <<< spring-boot:3.2.5:run (default-cli) < test-compile @ demo <<<
[INFO] 
[INFO] 
[INFO] --- spring-boot:3.2.5:run (default-cli) @ demo ---
[INFO] Attaching agents: []

  .   ____          _            __ _ _
 /\\ / ___'_ __ _ _(_)_ __  __ _ \ \ \ \
( ( )\___ | '_ | '_| | '_ \/ _` | \ \ \ \
 \\/  ___)| |_)| | | | | || (_| |  ) ) ) )
  '  |____| .__|_| |_|_| |_\__, | / / / /
 =========|_|==============|___/=/_/_/_/
 :: Spring Boot ::                (v3.2.5)

2025-06-13T19:21:59.857+02:00  INFO 16735 --- [demo] [           main] com.example.todo.ToDoApplication         : Starting ToDoApplication using Java 20.0.2 with PID 16735 (/Users/paullort/Desktop/2025/SEM 2/COLABO/Spring-Boot-project/demo/target/classes started by paullort in /Users/paullort/Desktop/2025/SEM 2/COLABO/Spring-Boot-project/demo)
2025-06-13T19:21:59.858+02:00  INFO 16735 --- [demo] [           main] com.example.todo.ToDoApplication         : No active profile set, falling back to 1 default profile: "default"
2025-06-13T19:22:00.213+02:00  INFO 16735 --- [demo] [           main] .s.d.r.c.RepositoryConfigurationDelegate : Bootstrapping Spring Data JPA repositories in DEFAULT mode.
2025-06-13T19:22:00.237+02:00  INFO 16735 --- [demo] [           main] .s.d.r.c.RepositoryConfigurationDelegate : Finished Spring Data repository scanning in 20 ms. Found 1 JPA repository interface.
2025-06-13T19:22:00.520+02:00  INFO 16735 --- [demo] [           main] o.s.b.w.embedded.tomcat.TomcatWebServer  : Tomcat initialized with port 8080 (http)
2025-06-13T19:22:00.529+02:00  INFO 16735 --- [demo] [           main] o.apache.catalina.core.StandardService   : Starting service [Tomcat]
2025-06-13T19:22:00.529+02:00  INFO 16735 --- [demo] [           main] o.apache.catalina.core.StandardEngine    : Starting Servlet engine: [Apache Tomcat/10.1.20]
2025-06-13T19:22:00.558+02:00  INFO 16735 --- [demo] [           main] o.a.c.c.C.[Tomcat].[localhost].[/]       : Initializing Spring embedded WebApplicationContext
2025-06-13T19:22:00.558+02:00  INFO 16735 --- [demo] [           main] w.s.c.ServletWebServerApplicationContext : Root WebApplicationContext: initialization completed in 681 ms
2025-06-13T19:22:00.573+02:00  INFO 16735 --- [demo] [           main] com.zaxxer.hikari.HikariDataSource       : HikariPool-1 - Starting...
2025-06-13T19:22:00.676+02:00  INFO 16735 --- [demo] [           main] com.zaxxer.hikari.pool.HikariPool        : HikariPool-1 - Added connection conn0: url=jdbc:h2:mem:testdb user=SA
2025-06-13T19:22:00.678+02:00  INFO 16735 --- [demo] [           main] com.zaxxer.hikari.HikariDataSource       : HikariPool-1 - Start completed.
2025-06-13T19:22:00.686+02:00  INFO 16735 --- [demo] [           main] o.s.b.a.h2.H2ConsoleAutoConfiguration    : H2 console available at '/h2-console'. Database available at 'jdbc:h2:mem:testdb'
2025-06-13T19:22:00.751+02:00  INFO 16735 --- [demo] [           main] o.hibernate.jpa.internal.util.LogHelper  : HHH000204: Processing PersistenceUnitInfo [name: default]
2025-06-13T19:22:00.783+02:00  INFO 16735 --- [demo] [           main] org.hibernate.Version                    : HHH000412: Hibernate ORM core version 6.4.4.Final
2025-06-13T19:22:00.798+02:00  INFO 16735 --- [demo] [           main] o.h.c.internal.RegionFactoryInitiator    : HHH000026: Second-level cache disabled
2025-06-13T19:22:00.913+02:00  INFO 16735 --- [demo] [           main] o.s.o.j.p.SpringPersistenceUnitInfo      : No LoadTimeWeaver setup: ignoring JPA class transformer
2025-06-13T19:22:00.936+02:00  WARN 16735 --- [demo] [           main] org.hibernate.orm.deprecation            : HHH90000025: H2Dialect does not need to be specified explicitly using 'hibernate.dialect' (remove the property setting and it will be selected by default)
2025-06-13T19:22:01.335+02:00  INFO 16735 --- [demo] [           main] o.h.e.t.j.p.i.JtaPlatformInitiator       : HHH000489: No JTA platform available (set 'hibernate.transaction.jta.platform' to enable JTA platform integration)
2025-06-13T19:22:01.342+02:00 DEBUG 16735 --- [demo] [           main] org.hibernate.SQL                        : 
    drop table if exists tasks cascade 
Hibernate: 
    drop table if exists tasks cascade 
2025-06-13T19:22:01.345+02:00 DEBUG 16735 --- [demo] [           main] org.hibernate.SQL                        : 
    create table tasks (
        completed boolean not null,
        completed_at timestamp(6),
        created_at timestamp(6) not null,
        id bigint generated by default as identity,
        updated_at timestamp(6),
        notes varchar(500),
        description varchar(255) not null,
        priority varchar(255) not null check (priority in ('LOW','MEDIUM','HIGH','URGENT')),
        primary key (id)
    )
Hibernate: 
    create table tasks (
        completed boolean not null,
        completed_at timestamp(6),
        created_at timestamp(6) not null,
        id bigint generated by default as identity,
        updated_at timestamp(6),
        notes varchar(500),
        description varchar(255) not null,
        priority varchar(255) not null check (priority in ('LOW','MEDIUM','HIGH','URGENT')),
        primary key (id)
    )
2025-06-13T19:22:01.353+02:00  INFO 16735 --- [demo] [           main] j.LocalContainerEntityManagerFactoryBean : Initialized JPA EntityManagerFactory for persistence unit 'default'
2025-06-13T19:22:01.491+02:00  INFO 16735 --- [demo] [           main] o.s.d.j.r.query.QueryEnhancerFactory     : Hibernate is in classpath; If applicable, HQL parser will be used.
2025-06-13T19:22:01.748+02:00  WARN 16735 --- [demo] [           main] JpaBaseConfiguration$JpaWebConfiguration : spring.jpa.open-in-view is enabled by default. Therefore, database queries may be performed during view rendering. Explicitly configure spring.jpa.open-in-view to disable this warning
2025-06-13T19:22:01.759+02:00  INFO 16735 --- [demo] [           main] o.s.b.a.w.s.WelcomePageHandlerMapping    : Adding welcome page: class path resource [static/index.html]
2025-06-13T19:22:01.793+02:00 DEBUG 16735 --- [demo] [           main] s.w.s.m.m.a.RequestMappingHandlerMapping : 22 mappings in 'requestMappingHandlerMapping'
2025-06-13T19:22:01.828+02:00 DEBUG 16735 --- [demo] [           main] o.s.w.s.handler.SimpleUrlHandlerMapping  : Patterns [/webjars/**, /**] in 'resourceHandlerMapping'
2025-06-13T19:22:01.842+02:00 DEBUG 16735 --- [demo] [           main] s.w.s.m.m.a.RequestMappingHandlerAdapter : ControllerAdvice beans: 0 @ModelAttribute, 0 @InitBinder, 1 RequestBodyAdvice, 1 ResponseBodyAdvice
2025-06-13T19:22:01.858+02:00 DEBUG 16735 --- [demo] [           main] .m.m.a.ExceptionHandlerExceptionResolver : ControllerAdvice beans: 0 @ExceptionHandler, 1 ResponseBodyAdvice
2025-06-13T19:22:01.874+02:00  WARN 16735 --- [demo] [           main] ion$DefaultTemplateResolverConfiguration : Cannot find template location: classpath:/templates/ (please add some templates, check your Thymeleaf configuration, or set spring.thymeleaf.check-template-location=false)
2025-06-13T19:22:01.930+02:00  INFO 16735 --- [demo] [           main] o.s.b.w.embedded.tomcat.TomcatWebServer  : Tomcat started on port 8080 (http) with context path ''
2025-06-13T19:22:01.935+02:00  INFO 16735 --- [demo] [           main] com.example.todo.ToDoApplication         : Started ToDoApplication in 2.243 seconds (process running for 2.394)
2025-06-13T19:22:11.977+02:00  INFO 16735 --- [demo] [nio-8080-exec-1] o.a.c.c.C.[Tomcat].[localhost].[/]       : Initializing Spring DispatcherServlet 'dispatcherServlet'
2025-06-13T19:22:11.978+02:00  INFO 16735 --- [demo] [nio-8080-exec-1] o.s.web.servlet.DispatcherServlet        : Initializing Servlet 'dispatcherServlet'
2025-06-13T19:22:11.978+02:00 DEBUG 16735 --- [demo] [nio-8080-exec-1] o.s.web.servlet.DispatcherServlet        : Detected StandardServletMultipartResolver
2025-06-13T19:22:11.978+02:00 DEBUG 16735 --- [demo] [nio-8080-exec-1] o.s.web.servlet.DispatcherServlet        : Detected AcceptHeaderLocaleResolver
2025-06-13T19:22:11.978+02:00 DEBUG 16735 --- [demo] [nio-8080-exec-1] o.s.web.servlet.DispatcherServlet        : Detected FixedThemeResolver
2025-06-13T19:22:11.979+02:00 DEBUG 16735 --- [demo] [nio-8080-exec-1] o.s.web.servlet.DispatcherServlet        : Detected org.springframework.web.servlet.view.DefaultRequestToViewNameTranslator@346d441a
2025-06-13T19:22:11.980+02:00 DEBUG 16735 --- [demo] [nio-8080-exec-1] o.s.web.servlet.DispatcherServlet        : Detected org.springframework.web.servlet.support.SessionFlashMapManager@7fbe0f64
2025-06-13T19:22:11.980+02:00 DEBUG 16735 --- [demo] [nio-8080-exec-1] o.s.web.servlet.DispatcherServlet        : enableLoggingRequestDetails='false': request parameters and headers will be masked to prevent unsafe logging of potentially sensitive data
2025-06-13T19:22:11.980+02:00  INFO 16735 --- [demo] [nio-8080-exec-1] o.s.web.servlet.DispatcherServlet        : Completed initialization in 2 ms
2025-06-13T19:22:11.988+02:00 DEBUG 16735 --- [demo] [nio-8080-exec-1] o.s.web.servlet.DispatcherServlet        : GET "/api/tasks/pending", parameters={}
2025-06-13T19:22:11.988+02:00 DEBUG 16735 --- [demo] [nio-8080-exec-2] o.s.web.servlet.DispatcherServlet        : GET "/api/tasks/stats", parameters={}
2025-06-13T19:22:11.998+02:00 DEBUG 16735 --- [demo] [nio-8080-exec-2] s.w.s.m.m.a.RequestMappingHandlerMapping : Mapped to com.example.todo.TaskController#getTaskStats()
2025-06-13T19:22:11.998+02:00 DEBUG 16735 --- [demo] [nio-8080-exec-1] s.w.s.m.m.a.RequestMappingHandlerMapping : Mapped to com.example.todo.TaskController#getPendingTasks()
2025-06-13T19:22:12.050+02:00 DEBUG 16735 --- [demo] [nio-8080-exec-2] org.hibernate.SQL                        : 
    select
        count(*) 
    from
        tasks t1_0
2025-06-13T19:22:12.050+02:00 DEBUG 16735 --- [demo] [nio-8080-exec-1] org.hibernate.SQL                        : 
    select
        t1_0.id,
        t1_0.completed,
        t1_0.completed_at,
        t1_0.created_at,
        t1_0.description,
        t1_0.notes,
        t1_0.priority,
        t1_0.updated_at 
    from
        tasks t1_0 
    where
        t1_0.completed=?
Hibernate: 
    select
        count(*) 
    from
        tasks t1_0
Hibernate: 
    select
        t1_0.id,
        t1_0.completed,
        t1_0.completed_at,
        t1_0.created_at,
        t1_0.description,
        t1_0.notes,
        t1_0.priority,
        t1_0.updated_at 
    from
        tasks t1_0 
    where
        t1_0.completed=?
2025-06-13T19:22:12.072+02:00 DEBUG 16735 --- [demo] [nio-8080-exec-2] org.hibernate.SQL                        : 
    select
        count(t1_0.id) 
    from
        tasks t1_0 
    where
        t1_0.completed=?
Hibernate: 
    select
        count(t1_0.id) 
    from
        tasks t1_0 
    where
        t1_0.completed=?
2025-06-13T19:22:12.074+02:00 DEBUG 16735 --- [demo] [nio-8080-exec-2] org.hibernate.SQL                        : 
    select
        count(t1_0.id) 
    from
        tasks t1_0 
    where
        t1_0.completed=?
Hibernate: 
    select
        count(t1_0.id) 
    from
        tasks t1_0 
    where
        t1_0.completed=?
2025-06-13T19:22:12.076+02:00 DEBUG 16735 --- [demo] [nio-8080-exec-2] org.hibernate.SQL                        : 
    select
        count(t1_0.id) 
    from
        tasks t1_0 
    where
        t1_0.priority=?
Hibernate: 
    select
        count(t1_0.id) 
    from
        tasks t1_0 
    where
        t1_0.priority=?
2025-06-13T19:22:12.076+02:00 DEBUG 16735 --- [demo] [nio-8080-exec-2] org.hibernate.SQL                        : 
    select
        count(t1_0.id) 
    from
        tasks t1_0 
    where
        t1_0.priority=?
Hibernate: 
    select
        count(t1_0.id) 
    from
        tasks t1_0 
    where
        t1_0.priority=?
2025-06-13T19:22:12.080+02:00 DEBUG 16735 --- [demo] [nio-8080-exec-1] o.s.w.s.m.m.a.HttpEntityMethodProcessor  : Using 'application/json', given [*/*] and supported [application/json, application/*+json]
2025-06-13T19:22:12.081+02:00 DEBUG 16735 --- [demo] [nio-8080-exec-1] o.s.w.s.m.m.a.HttpEntityMethodProcessor  : Writing [[]]
2025-06-13T19:22:12.089+02:00 DEBUG 16735 --- [demo] [nio-8080-exec-1] o.s.web.servlet.DispatcherServlet        : Completed 200 OK
2025-06-13T19:22:12.090+02:00 DEBUG 16735 --- [demo] [nio-8080-exec-2] o.s.w.s.m.m.a.HttpEntityMethodProcessor  : Using 'application/json', given [*/*] and supported [application/json, application/*+json]
2025-06-13T19:22:12.090+02:00 DEBUG 16735 --- [demo] [nio-8080-exec-2] o.s.w.s.m.m.a.HttpEntityMethodProcessor  : Writing [com.example.todo.TaskService$TaskStats@d356b52]
2025-06-13T19:22:12.092+02:00 DEBUG 16735 --- [demo] [nio-8080-exec-2] o.s.web.servlet.DispatcherServlet        : Completed 200 OK
2025-06-13T19:22:12.599+02:00 DEBUG 16735 --- [demo] [nio-8080-exec-3] o.s.web.servlet.DispatcherServlet        : GET "/api/tasks/health", parameters={}
2025-06-13T19:22:12.601+02:00 DEBUG 16735 --- [demo] [nio-8080-exec-3] s.w.s.m.m.a.RequestMappingHandlerMapping : Mapped to com.example.todo.TaskController#healthCheck()
2025-06-13T19:22:12.640+02:00 DEBUG 16735 --- [demo] [nio-8080-exec-3] org.hibernate.SQL                        : 
    select
        t1_0.id,
        t1_0.completed,
        t1_0.completed_at,
        t1_0.created_at,
        t1_0.description,
        t1_0.notes,
        t1_0.priority,
        t1_0.updated_at 
    from
        tasks t1_0
Hibernate: 
    select
        t1_0.id,
        t1_0.completed,
        t1_0.completed_at,
        t1_0.created_at,
        t1_0.description,
        t1_0.notes,
        t1_0.priority,
        t1_0.updated_at 
    from
        tasks t1_0
2025-06-13T19:22:12.682+02:00 DEBUG 16735 --- [demo] [nio-8080-exec-3] o.s.w.s.m.m.a.HttpEntityMethodProcessor  : Using 'application/json', given [*/*] and supported [application/json, application/*+json]
2025-06-13T19:22:12.682+02:00 DEBUG 16735 --- [demo] [nio-8080-exec-3] o.s.w.s.m.m.a.HttpEntityMethodProcessor  : Writing [{totalTasks=0, message=API TODO funcionant correctament, status=UP, timestamp=1749835332607}]
2025-06-13T19:22:12.691+02:00 DEBUG 16735 --- [demo] [nio-8080-exec-3] o.s.web.servlet.DispatcherServlet        : Completed 200 OK
2025-06-13T19:22:14.210+02:00 DEBUG 16735 --- [demo] [nio-8080-exec-6] o.s.web.servlet.DispatcherServlet        : GET "/", parameters={}
2025-06-13T19:22:14.221+02:00 DEBUG 16735 --- [demo] [nio-8080-exec-6] o.s.w.s.v.ContentNegotiatingViewResolver : Selected 'text/html' given [text/html, application/xhtml+xml, image/avif, image/webp, image/apng, application/xml;q=0.9, */*;q=0.8, application/signed-exchange;v=b3;q=0.7]
2025-06-13T19:22:14.221+02:00 DEBUG 16735 --- [demo] [nio-8080-exec-6] o.s.w.servlet.view.InternalResourceView  : View [InternalResourceView], model {}
2025-06-13T19:22:14.223+02:00 DEBUG 16735 --- [demo] [nio-8080-exec-6] o.s.w.servlet.view.InternalResourceView  : Forwarding to [index.html]
2025-06-13T19:22:14.226+02:00 DEBUG 16735 --- [demo] [nio-8080-exec-6] o.s.web.servlet.DispatcherServlet        : "FORWARD" dispatch for GET "/index.html", parameters={}
2025-06-13T19:22:14.228+02:00 DEBUG 16735 --- [demo] [nio-8080-exec-6] o.s.w.s.handler.SimpleUrlHandlerMapping  : Mapped to ResourceHttpRequestHandler [classpath [META-INF/resources/], classpath [resources/], classpath [static/], classpath [public/], ServletContext [/]]
2025-06-13T19:22:14.233+02:00 DEBUG 16735 --- [demo] [nio-8080-exec-6] o.s.web.servlet.DispatcherServlet        : Exiting from "FORWARD" dispatch, status 200
2025-06-13T19:22:14.233+02:00 DEBUG 16735 --- [demo] [nio-8080-exec-6] o.s.web.servlet.DispatcherServlet        : Completed 200 OK
2025-06-13T19:22:14.352+02:00 DEBUG 16735 --- [demo] [nio-8080-exec-7] o.s.web.servlet.DispatcherServlet        : GET "/css/styles.css", parameters={}
2025-06-13T19:22:14.352+02:00 DEBUG 16735 --- [demo] [nio-8080-exec-8] o.s.web.servlet.DispatcherServlet        : GET "/js/app.js", parameters={}
2025-06-13T19:22:14.353+02:00 DEBUG 16735 --- [demo] [nio-8080-exec-8] o.s.w.s.handler.SimpleUrlHandlerMapping  : Mapped to ResourceHttpRequestHandler [classpath [META-INF/resources/], classpath [resources/], classpath [static/], classpath [public/], ServletContext [/]]
2025-06-13T19:22:14.353+02:00 DEBUG 16735 --- [demo] [nio-8080-exec-7] o.s.w.s.handler.SimpleUrlHandlerMapping  : Mapped to ResourceHttpRequestHandler [classpath [META-INF/resources/], classpath [resources/], classpath [static/], classpath [public/], ServletContext [/]]
2025-06-13T19:22:14.354+02:00 DEBUG 16735 --- [demo] [nio-8080-exec-7] o.s.web.servlet.DispatcherServlet        : Completed 304 NOT_MODIFIED
2025-06-13T19:22:14.354+02:00 DEBUG 16735 --- [demo] [nio-8080-exec-8] o.s.web.servlet.DispatcherServlet        : Completed 200 OK
2025-06-13T19:22:14.392+02:00 DEBUG 16735 --- [demo] [io-8080-exec-10] o.s.web.servlet.DispatcherServlet        : GET "/api/tasks", parameters={}
2025-06-13T19:22:14.392+02:00 DEBUG 16735 --- [demo] [nio-8080-exec-9] o.s.web.servlet.DispatcherServlet        : GET "/api/tasks/stats", parameters={}
2025-06-13T19:22:14.392+02:00 DEBUG 16735 --- [demo] [nio-8080-exec-9] s.w.s.m.m.a.RequestMappingHandlerMapping : Mapped to com.example.todo.TaskController#getTaskStats()
2025-06-13T19:22:14.392+02:00 DEBUG 16735 --- [demo] [io-8080-exec-10] s.w.s.m.m.a.RequestMappingHandlerMapping : Mapped to com.example.todo.TaskController#getAllTasks()
2025-06-13T19:22:14.397+02:00 DEBUG 16735 --- [demo] [io-8080-exec-10] org.hibernate.SQL                        : 
    select
        t1_0.id,
        t1_0.completed,
        t1_0.completed_at,
        t1_0.created_at,
        t1_0.description,
        t1_0.notes,
        t1_0.priority,
        t1_0.updated_at 
    from
        tasks t1_0
2025-06-13T19:22:14.398+02:00 DEBUG 16735 --- [demo] [nio-8080-exec-9] org.hibernate.SQL                        : 
    select
        count(*) 
    from
        tasks t1_0
Hibernate: 
    select
        count(*) 
    from
        tasks t1_0
Hibernate: 
    select
        t1_0.id,
        t1_0.completed,
        t1_0.completed_at,
        t1_0.created_at,
        t1_0.description,
        t1_0.notes,
        t1_0.priority,
        t1_0.updated_at 
    from
        tasks t1_0
2025-06-13T19:22:14.401+02:00 DEBUG 16735 --- [demo] [io-8080-exec-10] o.s.w.s.m.m.a.HttpEntityMethodProcessor  : Using 'application/json', given [*/*] and supported [application/json, application/*+json]
2025-06-13T19:22:14.402+02:00 DEBUG 16735 --- [demo] [io-8080-exec-10] o.s.w.s.m.m.a.HttpEntityMethodProcessor  : Writing [[]]
2025-06-13T19:22:14.411+02:00 DEBUG 16735 --- [demo] [io-8080-exec-10] o.s.web.servlet.DispatcherServlet        : Completed 200 OK
2025-06-13T19:22:14.416+02:00 DEBUG 16735 --- [demo] [nio-8080-exec-9] org.hibernate.SQL                        : 
    select
        count(t1_0.id) 
    from
        tasks t1_0 
    where
        t1_0.completed=?
Hibernate: 
    select
        count(t1_0.id) 
    from
        tasks t1_0 
    where
        t1_0.completed=?
2025-06-13T19:22:14.421+02:00 DEBUG 16735 --- [demo] [nio-8080-exec-9] org.hibernate.SQL                        : 
    select
        count(t1_0.id) 
    from
        tasks t1_0 
    where
        t1_0.completed=?
Hibernate: 
    select
        count(t1_0.id) 
    from
        tasks t1_0 
    where
        t1_0.completed=?
2025-06-13T19:22:14.423+02:00 DEBUG 16735 --- [demo] [nio-8080-exec-9] org.hibernate.SQL                        : 
    select
        count(t1_0.id) 
    from
        tasks t1_0 
    where
        t1_0.priority=?
Hibernate: 
    select
        count(t1_0.id) 
    from
        tasks t1_0 
    where
        t1_0.priority=?
2025-06-13T19:22:14.425+02:00 DEBUG 16735 --- [demo] [nio-8080-exec-9] org.hibernate.SQL                        : 
    select
        count(t1_0.id) 
    from
        tasks t1_0 
    where
        t1_0.priority=?
Hibernate: 
    select
        count(t1_0.id) 
    from
        tasks t1_0 
    where
        t1_0.priority=?
2025-06-13T19:22:14.427+02:00 DEBUG 16735 --- [demo] [nio-8080-exec-9] o.s.w.s.m.m.a.HttpEntityMethodProcessor  : Using 'application/json', given [*/*] and supported [application/json, application/*+json]
2025-06-13T19:22:14.427+02:00 DEBUG 16735 --- [demo] [nio-8080-exec-9] o.s.w.s.m.m.a.HttpEntityMethodProcessor  : Writing [com.example.todo.TaskService$TaskStats@12f5669c]
2025-06-13T19:22:14.429+02:00 DEBUG 16735 --- [demo] [nio-8080-exec-9] o.s.web.servlet.DispatcherServlet        : Completed 200 OK
2025-06-13T19:22:22.078+02:00 DEBUG 16735 --- [demo] [nio-8080-exec-3] o.s.web.servlet.DispatcherServlet        : POST "/api/tasks", parameters={}
2025-06-13T19:22:22.080+02:00 DEBUG 16735 --- [demo] [nio-8080-exec-3] s.w.s.m.m.a.RequestMappingHandlerMapping : Mapped to com.example.todo.TaskController#createTask(Task)
2025-06-13T19:22:22.138+02:00 DEBUG 16735 --- [demo] [nio-8080-exec-3] m.m.a.RequestResponseBodyMethodProcessor : Read "application/json;charset=UTF-8" to [Task{id=null, description='Carla Yang bo', completed=false, priority=MEDIUM, createdAt=null}]
2025-06-13T19:22:22.206+02:00 DEBUG 16735 --- [demo] [nio-8080-exec-3] org.hibernate.SQL                        : 
    insert 
    into
        tasks
        (completed, completed_at, created_at, description, notes, priority, updated_at, id) 
    values
        (?, ?, ?, ?, ?, ?, ?, default)
Hibernate: 
    insert 
    into
        tasks
        (completed, completed_at, created_at, description, notes, priority, updated_at, id) 
    values
        (?, ?, ?, ?, ?, ?, ?, default)
2025-06-13T19:22:22.218+02:00 DEBUG 16735 --- [demo] [nio-8080-exec-3] o.s.w.s.m.m.a.HttpEntityMethodProcessor  : Using 'application/json', given [*/*] and supported [application/json, application/*+json]
2025-06-13T19:22:22.218+02:00 DEBUG 16735 --- [demo] [nio-8080-exec-3] o.s.w.s.m.m.a.HttpEntityMethodProcessor  : Writing [Task{id=1, description='Carla Yang bo', completed=false, priority=MEDIUM, createdAt=2025-06-13T19:22 (truncated)...]
2025-06-13T19:22:22.219+02:00 DEBUG 16735 --- [demo] [nio-8080-exec-3] o.s.web.servlet.DispatcherServlet        : Completed 201 CREATED
2025-06-13T19:22:22.223+02:00 DEBUG 16735 --- [demo] [nio-8080-exec-4] o.s.web.servlet.DispatcherServlet        : GET "/api/tasks/stats", parameters={}
2025-06-13T19:22:22.223+02:00 DEBUG 16735 --- [demo] [nio-8080-exec-5] o.s.web.servlet.DispatcherServlet        : GET "/api/tasks", parameters={}
2025-06-13T19:22:22.223+02:00 DEBUG 16735 --- [demo] [nio-8080-exec-5] s.w.s.m.m.a.RequestMappingHandlerMapping : Mapped to com.example.todo.TaskController#getAllTasks()
2025-06-13T19:22:22.223+02:00 DEBUG 16735 --- [demo] [nio-8080-exec-4] s.w.s.m.m.a.RequestMappingHandlerMapping : Mapped to com.example.todo.TaskController#getTaskStats()
2025-06-13T19:22:22.224+02:00 DEBUG 16735 --- [demo] [nio-8080-exec-4] org.hibernate.SQL                        : 
    select
        count(*) 
    from
        tasks t1_0
Hibernate: 
    select
        count(*) 
    from
        tasks t1_0
2025-06-13T19:22:22.224+02:00 DEBUG 16735 --- [demo] [nio-8080-exec-5] org.hibernate.SQL                        : 
    select
        t1_0.id,
        t1_0.completed,
        t1_0.completed_at,
        t1_0.created_at,
        t1_0.description,
        t1_0.notes,
        t1_0.priority,
        t1_0.updated_at 
    from
        tasks t1_0
Hibernate: 
    select
        t1_0.id,
        t1_0.completed,
        t1_0.completed_at,
        t1_0.created_at,
        t1_0.description,
        t1_0.notes,
        t1_0.priority,
        t1_0.updated_at 
    from
        tasks t1_0
2025-06-13T19:22:22.225+02:00 DEBUG 16735 --- [demo] [nio-8080-exec-4] org.hibernate.SQL                        : 
    select
        count(t1_0.id) 
    from
        tasks t1_0 
    where
        t1_0.completed=?
Hibernate: 
    select
        count(t1_0.id) 
    from
        tasks t1_0 
    where
        t1_0.completed=?
2025-06-13T19:22:22.225+02:00 DEBUG 16735 --- [demo] [nio-8080-exec-4] org.hibernate.SQL                        : 
    select
        count(t1_0.id) 
    from
        tasks t1_0 
    where
        t1_0.completed=?
Hibernate: 
    select
        count(t1_0.id) 
    from
        tasks t1_0 
    where
        t1_0.completed=?
2025-06-13T19:22:22.226+02:00 DEBUG 16735 --- [demo] [nio-8080-exec-4] org.hibernate.SQL                        : 
    select
        count(t1_0.id) 
    from
        tasks t1_0 
    where
        t1_0.priority=?
Hibernate: 
    select
        count(t1_0.id) 
    from
        tasks t1_0 
    where
        t1_0.priority=?
2025-06-13T19:22:22.226+02:00 DEBUG 16735 --- [demo] [nio-8080-exec-4] org.hibernate.SQL                        : 
    select
        count(t1_0.id) 
    from
        tasks t1_0 
    where
        t1_0.priority=?
Hibernate: 
    select
        count(t1_0.id) 
    from
        tasks t1_0 
    where
        t1_0.priority=?
2025-06-13T19:22:22.227+02:00 DEBUG 16735 --- [demo] [nio-8080-exec-4] o.s.w.s.m.m.a.HttpEntityMethodProcessor  : Using 'application/json', given [*/*] and supported [application/json, application/*+json]
2025-06-13T19:22:22.227+02:00 DEBUG 16735 --- [demo] [nio-8080-exec-4] o.s.w.s.m.m.a.HttpEntityMethodProcessor  : Writing [com.example.todo.TaskService$TaskStats@21df546e]
2025-06-13T19:22:22.227+02:00 DEBUG 16735 --- [demo] [nio-8080-exec-5] o.s.w.s.m.m.a.HttpEntityMethodProcessor  : Using 'application/json', given [*/*] and supported [application/json, application/*+json]
2025-06-13T19:22:22.227+02:00 DEBUG 16735 --- [demo] [nio-8080-exec-5] o.s.w.s.m.m.a.HttpEntityMethodProcessor  : Writing [[Task{id=1, description='Carla Yang bo', completed=false, priority=MEDIUM, createdAt=2025-06-13T19:2 (truncated)...]
2025-06-13T19:22:22.227+02:00 DEBUG 16735 --- [demo] [nio-8080-exec-4] o.s.web.servlet.DispatcherServlet        : Completed 200 OK
2025-06-13T19:22:22.227+02:00 DEBUG 16735 --- [demo] [nio-8080-exec-5] o.s.web.servlet.DispatcherServlet        : Completed 200 OK
2025-06-13T19:22:27.623+02:00 DEBUG 16735 --- [demo] [nio-8080-exec-8] o.s.web.servlet.DispatcherServlet        : GET "/", parameters={}
2025-06-13T19:22:27.637+02:00 DEBUG 16735 --- [demo] [nio-8080-exec-8] o.s.w.s.v.ContentNegotiatingViewResolver : Selected '*/*' given [*/*]
2025-06-13T19:22:27.637+02:00 DEBUG 16735 --- [demo] [nio-8080-exec-8] o.s.w.servlet.view.InternalResourceView  : View [InternalResourceView], model {}
2025-06-13T19:22:27.638+02:00 DEBUG 16735 --- [demo] [nio-8080-exec-8] o.s.w.servlet.view.InternalResourceView  : Forwarding to [index.html]
2025-06-13T19:22:27.638+02:00 DEBUG 16735 --- [demo] [nio-8080-exec-8] o.s.web.servlet.DispatcherServlet        : "FORWARD" dispatch for GET "/index.html", parameters={}
2025-06-13T19:22:27.640+02:00 DEBUG 16735 --- [demo] [nio-8080-exec-8] o.s.w.s.handler.SimpleUrlHandlerMapping  : Mapped to ResourceHttpRequestHandler [classpath [META-INF/resources/], classpath [resources/], classpath [static/], classpath [public/], ServletContext [/]]
2025-06-13T19:22:27.644+02:00 DEBUG 16735 --- [demo] [nio-8080-exec-8] o.s.web.servlet.DispatcherServlet        : Exiting from "FORWARD" dispatch, status 200
2025-06-13T19:22:27.645+02:00 DEBUG 16735 --- [demo] [nio-8080-exec-8] o.s.web.servlet.DispatcherServlet        : Completed 200 OK
